# JRE version: OpenJDK Runtime Environment (11.0.11+9) (build 11.0.11+9-b60-7590822)
# Java VM: OpenJDK 64-Bit Server VM (11.0.11+9-b60-7590822, mixed mode, tiered, compressed oops, g1 gc, windows-amd64)
Heap:
 garbage-first heap   total 131072K, used 24516K [0x0000000080000000, 0x0000000100000000)
  region size 1024K, 7 young (7168K), 4 survivors (4096K)
 Metaspace       used 35020K, capacity 35785K, committed 35840K, reserved 1081344K
  class space    used 4562K, capacity 4863K, committed 4864K, reserved 1048576K
GC Heap History (11 events):
Event: 0.931 GC heap before
{Heap before GC invocations=0 (full 0):
 garbage-first heap   total 131072K, used 29696K [0x0000000080000000, 0x0000000100000000)
  region size 1024K, 24 young (24576K), 0 survivors (0K)
 Metaspace       used 9857K, capacity 10050K, committed 10112K, reserved 1058816K
  class space    used 1028K, capacity 1102K, committed 1152K, reserved 1048576K
}
Event: 0.939 GC heap after
{Heap after GC invocations=1 (full 0):
 garbage-first heap   total 131072K, used 9016K [0x0000000080000000, 0x0000000100000000)
  region size 1024K, 3 young (3072K), 3 survivors (3072K)
 Metaspace       used 9857K, capacity 10050K, committed 10112K, reserved 1058816K
  class space    used 1028K, capacity 1102K, committed 1152K, reserved 1048576K
}
Event: 2.830 GC heap before
{Heap before GC invocations=1 (full 0):
 garbage-first heap   total 131072K, used 83768K [0x0000000080000000, 0x0000000100000000)
  region size 1024K, 76 young (77824K), 3 survivors (3072K)
 Metaspace       used 17682K, capacity 18055K, committed 18176K, reserved 1064960K
  class space    used 2096K, capacity 2219K, committed 2304K, reserved 1048576K
}
Event: 2.838 GC heap after
{Heap after GC invocations=2 (full 0):
 garbage-first heap   total 131072K, used 16147K [0x0000000080000000, 0x0000000100000000)
  region size 1024K, 10 young (10240K), 10 survivors (10240K)
 Metaspace       used 17682K, capacity 18055K, committed 18176K, reserved 1064960K
  class space    used 2096K, capacity 2219K, committed 2304K, reserved 1048576K
}
Event: 3.159 GC heap before
{Heap before GC invocations=2 (full 0):
 garbage-first heap   total 131072K, used 39699K [0x0000000080000000, 0x0000000100000000)
  region size 1024K, 34 young (34816K), 10 survivors (10240K)
 Metaspace       used 20684K, capacity 21075K, committed 21248K, reserved 1067008K
  class space    used 2540K, capacity 2693K, committed 2816K, reserved 1048576K
}
Event: 3.166 GC heap after
{Heap after GC invocations=3 (full 0):
 garbage-first heap   total 131072K, used 16835K [0x0000000080000000, 0x0000000100000000)
  region size 1024K, 2 young (2048K), 2 survivors (2048K)
 Metaspace       used 20684K, capacity 21075K, committed 21248K, reserved 1067008K
  class space    used 2540K, capacity 2693K, committed 2816K, reserved 1048576K
}
Event: 3.925 GC heap before
{Heap before GC invocations=4 (full 0):
 garbage-first heap   total 131072K, used 67011K [0x0000000080000000, 0x0000000100000000)
  region size 1024K, 52 young (53248K), 2 survivors (2048K)
 Metaspace       used 26033K, capacity 26630K, committed 26752K, reserved 1073152K
  class space    used 3402K, capacity 3615K, committed 3712K, reserved 1048576K
}
Event: 3.928 GC heap after
{Heap after GC invocations=5 (full 0):
 garbage-first heap   total 131072K, used 18510K [0x0000000080000000, 0x0000000100000000)
  region size 1024K, 3 young (3072K), 3 survivors (3072K)
 Metaspace       used 26033K, capacity 26630K, committed 26752K, reserved 1073152K
  class space    used 3402K, capacity 3615K, committed 3712K, reserved 1048576K
}
Event: 4.942 GC heap before
{Heap before GC invocations=5 (full 0):
 garbage-first heap   total 131072K, used 76878K [0x0000000080000000, 0x0000000100000000)
  region size 1024K, 60 young (61440K), 3 survivors (3072K)
 Metaspace       used 34624K, capacity 35394K, committed 35584K, reserved 1079296K
  class space    used 4508K, capacity 4818K, committed 4864K, reserved 1048576K
}
Event: 4.950 GC heap after
{Heap after GC invocations=6 (full 0):
 garbage-first heap   total 131072K, used 21954K [0x0000000080000000, 0x0000000100000000)
  region size 1024K, 7 young (7168K), 7 survivors (7168K)
 Metaspace       used 34624K, capacity 35394K, committed 35584K, reserved 1079296K
  class space    used 4508K, capacity 4818K, committed 4864K, reserved 1048576K
}
Event: 4.993 GC heap before
{Heap before GC invocations=6 (full 0):
 garbage-first heap   total 131072K, used 24002K [0x0000000080000000, 0x0000000100000000)
  region size 1024K, 10 young (10240K), 7 survivors (7168K)
 Metaspace       used 35020K, capacity 35785K, committed 35840K, reserved 1081344K
  class space    used 4562K, capacity 4863K, committed 4864K, reserved 1048576K
}

